Build started 2014/06/01 23:05:50.
     1>Project "C:\Users\Clara\SkyDrive\Visual Studio 2010\Projects\sxenextract_dll\[GM8] sxenextract_dll\[GM8] sxenextract_dll.vcxproj" on node 2 (build target(s)).
     1>InitializeBuildStatus:
         Touching "Release\[GM8] sxenextract_dll.unsuccessfulbuild".
       ClCompile:
         C:\Program Files (x86)\Microsoft Visual Studio 10.0\VC\bin\CL.exe /c /Zi /nologo /W3 /WX- /O2 /Oi /Oy- /GL /D _MBCS /Gm- /EHsc /MD /GS /Gy /fp:precise /Zc:wchar_t /Zc:forScope /Fo"Release\\" /Fd"Release\vc100.pdb" /Gd /TP /analyze- /errorReport:prompt sxenextract.cpp
         sxenextract.cpp
     1>sxenextract.cpp(40): warning C4244: '+=' : conversion from 'double' to 'unsigned int', possible loss of data
       Link:
         C:\Program Files (x86)\Microsoft Visual Studio 10.0\VC\bin\link.exe /ERRORREPORT:PROMPT /OUT:"C:\Users\Clara\SkyDrive\Visual Studio 2010\Projects\sxenextract_dll\Release\[GM8] sxenextract_dll.exe" /NOLOGO kernel32.lib user32.lib gdi32.lib winspool.lib comdlg32.lib advapi32.lib shell32.lib ole32.lib oleaut32.lib uuid.lib odbc32.lib odbccp32.lib /MANIFEST /ManifestFile:"Release\[GM8] sxenextract_dll.exe.intermediate.manifest" /MANIFESTUAC:"level='asInvoker' uiAccess='false'" /DEBUG /PDB:"C:\Users\Clara\SkyDrive\Visual Studio 2010\Projects\sxenextract_dll\Release\[GM8] sxenextract_dll.pdb" /OPT:REF /OPT:ICF /LTCG /TLBID:1 /DYNAMICBASE /NXCOMPAT /IMPLIB:"C:\Users\Clara\SkyDrive\Visual Studio 2010\Projects\sxenextract_dll\Release\[GM8] sxenextract_dll.lib" /MACHINE:X86 Release\sxenextract.obj
            Creating library C:\Users\Clara\SkyDrive\Visual Studio 2010\Projects\sxenextract_dll\Release\[GM8] sxenextract_dll.lib and object C:\Users\Clara\SkyDrive\Visual Studio 2010\Projects\sxenextract_dll\Release\[GM8] sxenextract_dll.exp
     1>LINK : fatal error LNK1561: entry point must be defined
     1>Done Building Project "C:\Users\Clara\SkyDrive\Visual Studio 2010\Projects\sxenextract_dll\[GM8] sxenextract_dll\[GM8] sxenextract_dll.vcxproj" (build target(s)) -- FAILED.

Build FAILED.

Time Elapsed 00:00:00.79
